<?xml version="1.0" encoding="UTF-8"?>
<TestRun id="2c45ba2d-00a4-4e2d-a4ad-22c50b789298" name="Zach Bonham@BONHAM 2010-10-30 08:30:57" runUser="BONHAM\Zach Bonham" xmlns="http://microsoft.com/schemas/VisualStudio/TeamTest/2010">
  <TestSettings name="Local" id="8a2b73f9-6de4-4b08-8105-5a53b4a27fc1">
    <Description>These are default test settings for a local test run.</Description>
    <Deployment enabled="false" runDeploymentRoot="Zach Bonham_BONHAM 2010-10-30 08_30_57" />
    <Execution>
      <TestTypeSpecific />
      <AgentRule name="Execution Agents">
      </AgentRule>
    </Execution>
  </TestSettings>
  <Times creation="2010-10-30T08:30:57.2177955-05:00" queuing="2010-10-30T08:30:57.6465229-05:00" start="2010-10-30T08:30:57.8896963-05:00" finish="2010-10-30T08:30:58.9082901-05:00" />
  <ResultSummary outcome="Failed">
    <Counters total="1" executed="1" error="0" failed="1" timeout="0" aborted="0" inconclusive="0" passedButRunAborted="0" notRunnable="0" notExecuted="0" disconnected="0" warning="0" passed="0" completed="0" inProgress="0" pending="0" />
  </ResultSummary>
  <TestDefinitions>
    <UnitTest name="Should_WriteValueToResx" storage="c:\dev\lingua\lingua.tests\bin\debug\lingua.tests.dll" id="d7bd4fe0-5648-df1f-373e-dc841f7c4af8">
      <Execution id="7744c3b1-d29b-4119-8e9f-919ceb710bdf" />
      <TestMethod codeBase="c:/dev/Lingua/Lingua.Tests/bin/Debug/Lingua.Tests.DLL" adapterTypeName="Microsoft.VisualStudio.TestTools.TestTypes.Unit.UnitTestAdapter, Microsoft.VisualStudio.QualityTools.Tips.UnitTest.Adapter, Version=10.0.0.0, Culture=neutral, PublicKeyToken=b03f5f7f11d50a3a" className="Lingua.Tests.LinguaTests, Lingua.Tests, Version=1.0.0.0, Culture=neutral, PublicKeyToken=null" name="Should_WriteValueToResx" />
    </UnitTest>
  </TestDefinitions>
  <TestLists>
    <TestList name="Results Not in a List" id="8c84fa94-04c1-424b-9868-57a2d4851a1d" />
    <TestList name="All Loaded Results" id="19431567-8539-422a-85d7-44ee4e166bda" />
  </TestLists>
  <TestEntries>
    <TestEntry testId="d7bd4fe0-5648-df1f-373e-dc841f7c4af8" executionId="7744c3b1-d29b-4119-8e9f-919ceb710bdf" testListId="8c84fa94-04c1-424b-9868-57a2d4851a1d" />
  </TestEntries>
  <Results>
    <UnitTestResult executionId="7744c3b1-d29b-4119-8e9f-919ceb710bdf" testId="d7bd4fe0-5648-df1f-373e-dc841f7c4af8" testName="Should_WriteValueToResx" computerName="BONHAM" duration="00:00:00.0601959" startTime="2010-10-30T08:30:58.1348229-05:00" endTime="2010-10-30T08:30:58.5401119-05:00" testType="13cdc9d9-ddb5-4fa4-a97d-d965ccfc6d4b" outcome="Failed" testListId="8c84fa94-04c1-424b-9868-57a2d4851a1d" relativeResultsDirectory="7744c3b1-d29b-4119-8e9f-919ceb710bdf">
      <Output>
        <ErrorInfo>
          <Message>Assert.AreEqual failed. Expected:&lt;InvariantValue&gt;. Actual:&lt;&#xE;\0\0\0InvariantValue&gt;. </Message>
          <StackTrace>   at Lingua.Tests.LinguaTests.Should_WriteValueToResx() in c:\dev\Lingua\Lingua.Tests\LinguaTests.cs:line 104
</StackTrace>
        </ErrorInfo>
      </Output>
    </UnitTestResult>
  </Results>
</TestRun>