<?xml version="1.0" encoding="UTF-8"?>
<TestRun id="086434c7-6a01-4e1c-8c34-95e55d46a8b0" name="Zach Bonham@BONHAM 2010-10-30 08:40:44" runUser="BONHAM\Zach Bonham" xmlns="http://microsoft.com/schemas/VisualStudio/TeamTest/2010">
  <TestSettings name="Local" id="8a2b73f9-6de4-4b08-8105-5a53b4a27fc1">
    <Description>These are default test settings for a local test run.</Description>
    <Deployment enabled="false" runDeploymentRoot="Zach Bonham_BONHAM 2010-10-30 08_40_44" />
    <Execution>
      <TestTypeSpecific />
      <AgentRule name="Execution Agents">
      </AgentRule>
    </Execution>
  </TestSettings>
  <Times creation="2010-10-30T08:40:44.4274484-05:00" queuing="2010-10-30T08:40:46.6804646-05:00" start="2010-10-30T08:40:47.3006056-05:00" finish="2010-10-30T08:41:19.3809390-05:00" />
  <ResultSummary outcome="Error">
    <Counters total="1" executed="1" error="0" failed="0" timeout="0" aborted="1" inconclusive="0" passedButRunAborted="0" notRunnable="0" notExecuted="0" disconnected="0" warning="0" passed="0" completed="0" inProgress="0" pending="0" />
    <RunInfos>
      <RunInfo computerName="BONHAM" outcome="Error" timestamp="2010-10-30T08:41:19.3789858-05:00">
        <Text>Test host process exited unexpectedly.</Text>
      </RunInfo>
    </RunInfos>
  </ResultSummary>
  <TestDefinitions>
    <UnitTest name="Should_CreateResxFile" storage="c:\dev\lingua\lingua.tests\bin\debug\lingua.tests.dll" id="fe1f06f9-29c8-acaf-4eff-c94e0dccb888">
      <Execution id="a69c9f13-8d19-451c-9bac-84ee51b22837" />
      <TestMethod codeBase="c:/dev/Lingua/Lingua.Tests/bin/Debug/Lingua.Tests.DLL" adapterTypeName="Microsoft.VisualStudio.TestTools.TestTypes.Unit.UnitTestAdapter, Microsoft.VisualStudio.QualityTools.Tips.UnitTest.Adapter, Version=10.0.0.0, Culture=neutral, PublicKeyToken=b03f5f7f11d50a3a" className="Lingua.Tests.LinguaTests, Lingua.Tests, Version=1.0.0.0, Culture=neutral, PublicKeyToken=null" name="Should_CreateResxFile" />
    </UnitTest>
  </TestDefinitions>
  <TestLists>
    <TestList name="Results Not in a List" id="8c84fa94-04c1-424b-9868-57a2d4851a1d" />
    <TestList name="All Loaded Results" id="19431567-8539-422a-85d7-44ee4e166bda" />
  </TestLists>
  <TestEntries>
    <TestEntry testId="fe1f06f9-29c8-acaf-4eff-c94e0dccb888" executionId="a69c9f13-8d19-451c-9bac-84ee51b22837" testListId="8c84fa94-04c1-424b-9868-57a2d4851a1d" />
  </TestEntries>
  <Results>
    <UnitTestResult executionId="a69c9f13-8d19-451c-9bac-84ee51b22837" testId="fe1f06f9-29c8-acaf-4eff-c94e0dccb888" testName="Should_CreateResxFile" computerName="BONHAM" duration="00:00:31.9064986" startTime="2010-10-30T08:40:47.4744404-05:00" endTime="2010-10-30T08:41:19.3809390-05:00" testType="13cdc9d9-ddb5-4fa4-a97d-d965ccfc6d4b" outcome="Aborted" testListId="8c84fa94-04c1-424b-9868-57a2d4851a1d" relativeResultsDirectory="a69c9f13-8d19-451c-9bac-84ee51b22837">
    </UnitTestResult>
  </Results>
</TestRun>