<?xml version="1.0" encoding="UTF-8"?>
<TestRun id="e568a1d9-a526-4e3c-adfe-5528dfff374f" name="Zach Bonham@BONHAM 2010-10-30 12:58:07" runUser="BONHAM\Zach Bonham" xmlns="http://microsoft.com/schemas/VisualStudio/TeamTest/2010">
  <TestSettings name="Local" id="8a2b73f9-6de4-4b08-8105-5a53b4a27fc1">
    <Description>These are default test settings for a local test run.</Description>
    <Deployment enabled="false" runDeploymentRoot="Zach Bonham_BONHAM 2010-10-30 12_58_07">
      <DeploymentItem filename="c:\dev\Lingua\Lingua\bin\Debug\Lingua.dll" />
    </Deployment>
    <Execution>
      <TestTypeSpecific />
      <AgentRule name="Execution Agents">
      </AgentRule>
    </Execution>
  </TestSettings>
  <Times creation="2010-10-30T12:58:07.5203577-05:00" queuing="2010-10-30T12:58:07.6199709-05:00" start="2010-10-30T12:58:07.7156777-05:00" finish="2010-10-30T12:58:08.8592763-05:00" />
  <ResultSummary outcome="Failed">
    <Counters total="5" executed="5" passed="3" error="0" failed="2" timeout="0" aborted="0" inconclusive="0" passedButRunAborted="0" notRunnable="0" notExecuted="0" disconnected="0" warning="0" completed="0" inProgress="0" pending="0" />
  </ResultSummary>
  <TestDefinitions>
    <UnitTest name="SystemResourceTests_Should_WriteUpdateValueToResx" storage="c:\dev\lingua\lingua.tests\bin\debug\lingua.tests.dll" id="4d55d3f7-5d81-3906-b181-598d27688cce">
      <Execution id="f529f14e-4ac9-4d62-aad1-f719c9bf7aef" />
      <TestMethod codeBase="c:/dev/Lingua/Lingua.Tests/bin/Debug/Lingua.Tests.DLL" adapterTypeName="Microsoft.VisualStudio.TestTools.TestTypes.Unit.UnitTestAdapter, Microsoft.VisualStudio.QualityTools.Tips.UnitTest.Adapter, Version=10.0.0.0, Culture=neutral, PublicKeyToken=b03f5f7f11d50a3a" className="Lingua.Tests.SystemResourceTests, Lingua.Tests, Version=1.0.0.0, Culture=neutral, PublicKeyToken=null" name="SystemResourceTests_Should_WriteUpdateValueToResx" />
    </UnitTest>
    <UnitTest name="FileRepository_Should_CreateResourceFile" storage="c:\dev\lingua\lingua.tests\bin\debug\lingua.tests.dll" id="594c105f-0b54-8eab-fea4-df341d144577">
      <Execution id="b0878192-d553-4194-8169-1aa15994d41a" />
      <TestMethod codeBase="c:/dev/Lingua/Lingua.Tests/bin/Debug/Lingua.Tests.DLL" adapterTypeName="Microsoft.VisualStudio.TestTools.TestTypes.Unit.UnitTestAdapter, Microsoft.VisualStudio.QualityTools.Tips.UnitTest.Adapter, Version=10.0.0.0, Culture=neutral, PublicKeyToken=b03f5f7f11d50a3a" className="Lingua.Tests.FileRepositoryTests, Lingua.Tests, Version=1.0.0.0, Culture=neutral, PublicKeyToken=null" name="FileRepository_Should_CreateResourceFile" />
    </UnitTest>
    <UnitTest name="SystemResourceTests_Should_WriteValueToResx" storage="c:\dev\lingua\lingua.tests\bin\debug\lingua.tests.dll" id="c1b0fe5b-ec75-ad8e-c111-d93eb328aa4e">
      <Execution id="72d5cdbe-f961-49a3-8e55-c4ad2e236d1c" />
      <TestMethod codeBase="c:/dev/Lingua/Lingua.Tests/bin/Debug/Lingua.Tests.DLL" adapterTypeName="Microsoft.VisualStudio.TestTools.TestTypes.Unit.UnitTestAdapter, Microsoft.VisualStudio.QualityTools.Tips.UnitTest.Adapter, Version=10.0.0.0, Culture=neutral, PublicKeyToken=b03f5f7f11d50a3a" className="Lingua.Tests.SystemResourceTests, Lingua.Tests, Version=1.0.0.0, Culture=neutral, PublicKeyToken=null" name="SystemResourceTests_Should_WriteValueToResx" />
    </UnitTest>
    <UnitTest name="SystemResourceTests_Should_CreateResxFile" storage="c:\dev\lingua\lingua.tests\bin\debug\lingua.tests.dll" id="e65981b8-8249-7761-514e-990af5848368">
      <Execution id="351992c3-b7eb-4728-bef5-92cf4ed92291" />
      <TestMethod codeBase="c:/dev/Lingua/Lingua.Tests/bin/Debug/Lingua.Tests.DLL" adapterTypeName="Microsoft.VisualStudio.TestTools.TestTypes.Unit.UnitTestAdapter, Microsoft.VisualStudio.QualityTools.Tips.UnitTest.Adapter, Version=10.0.0.0, Culture=neutral, PublicKeyToken=b03f5f7f11d50a3a" className="Lingua.Tests.SystemResourceTests, Lingua.Tests, Version=1.0.0.0, Culture=neutral, PublicKeyToken=null" name="SystemResourceTests_Should_CreateResxFile" />
    </UnitTest>
    <UnitTest name="FileRepository_Should_NotOverwriteExistingResx" storage="c:\dev\lingua\lingua.tests\bin\debug\lingua.tests.dll" id="c3da0799-2937-267f-6247-a0bd8cf3a545">
      <Execution id="d7dba798-4762-40b3-822e-65556dfe0704" />
      <TestMethod codeBase="c:/dev/Lingua/Lingua.Tests/bin/Debug/Lingua.Tests.DLL" adapterTypeName="Microsoft.VisualStudio.TestTools.TestTypes.Unit.UnitTestAdapter, Microsoft.VisualStudio.QualityTools.Tips.UnitTest.Adapter, Version=10.0.0.0, Culture=neutral, PublicKeyToken=b03f5f7f11d50a3a" className="Lingua.Tests.FileRepositoryTests, Lingua.Tests, Version=1.0.0.0, Culture=neutral, PublicKeyToken=null" name="FileRepository_Should_NotOverwriteExistingResx" />
    </UnitTest>
  </TestDefinitions>
  <TestLists>
    <TestList name="Results Not in a List" id="8c84fa94-04c1-424b-9868-57a2d4851a1d" />
    <TestList name="All Loaded Results" id="19431567-8539-422a-85d7-44ee4e166bda" />
  </TestLists>
  <TestEntries>
    <TestEntry testId="4d55d3f7-5d81-3906-b181-598d27688cce" executionId="f529f14e-4ac9-4d62-aad1-f719c9bf7aef" testListId="8c84fa94-04c1-424b-9868-57a2d4851a1d" />
    <TestEntry testId="594c105f-0b54-8eab-fea4-df341d144577" executionId="b0878192-d553-4194-8169-1aa15994d41a" testListId="8c84fa94-04c1-424b-9868-57a2d4851a1d" />
    <TestEntry testId="c1b0fe5b-ec75-ad8e-c111-d93eb328aa4e" executionId="72d5cdbe-f961-49a3-8e55-c4ad2e236d1c" testListId="8c84fa94-04c1-424b-9868-57a2d4851a1d" />
    <TestEntry testId="c3da0799-2937-267f-6247-a0bd8cf3a545" executionId="d7dba798-4762-40b3-822e-65556dfe0704" testListId="8c84fa94-04c1-424b-9868-57a2d4851a1d" />
    <TestEntry testId="e65981b8-8249-7761-514e-990af5848368" executionId="351992c3-b7eb-4728-bef5-92cf4ed92291" testListId="8c84fa94-04c1-424b-9868-57a2d4851a1d" />
  </TestEntries>
  <Results>
    <UnitTestResult executionId="f529f14e-4ac9-4d62-aad1-f719c9bf7aef" testId="4d55d3f7-5d81-3906-b181-598d27688cce" testName="SystemResourceTests_Should_WriteUpdateValueToResx" computerName="BONHAM" duration="00:00:00.0343320" startTime="2010-10-30T12:58:08.1278029-05:00" endTime="2010-10-30T12:58:08.4725427-05:00" testType="13cdc9d9-ddb5-4fa4-a97d-d965ccfc6d4b" outcome="Passed" testListId="8c84fa94-04c1-424b-9868-57a2d4851a1d" relativeResultsDirectory="f529f14e-4ac9-4d62-aad1-f719c9bf7aef">
    </UnitTestResult>
    <UnitTestResult executionId="b0878192-d553-4194-8169-1aa15994d41a" testId="594c105f-0b54-8eab-fea4-df341d144577" testName="FileRepository_Should_CreateResourceFile" computerName="BONHAM" duration="00:00:00.0449554" startTime="2010-10-30T12:58:08.4832853-05:00" endTime="2010-10-30T12:58:08.5330919-05:00" testType="13cdc9d9-ddb5-4fa4-a97d-d965ccfc6d4b" outcome="Failed" testListId="8c84fa94-04c1-424b-9868-57a2d4851a1d" relativeResultsDirectory="b0878192-d553-4194-8169-1aa15994d41a">
      <Output>
        <ErrorInfo>
          <Message>Test method Lingua.Tests.FileRepositoryTests.FileRepository_Should_CreateResourceFile threw exception: 
System.IO.FileNotFoundException: Could not find file 'c:\dev\Lingua\TestResults\Zach Bonham_BONHAM 2010-10-30 12_58_07\Out\MyView.en-US.resx'.</Message>
          <StackTrace>    at System.IO.__Error.WinIOError(Int32 errorCode, String maybeFullPath)
   at System.IO.File.SetAttributes(String path, FileAttributes fileAttributes)
   at Lingua.FileResourceRepository.MakeWritable(String filename) in c:\dev\Lingua\Lingua\FileRepository.cs:line 26
   at Lingua.FileResourceRepository.GetWritableResource(String entity, String culture) in c:\dev\Lingua\Lingua\FileRepository.cs:line 36
   at Lingua.FileResourceRepository.NewResource(String entity, String key, String data, String culture) in c:\dev\Lingua\Lingua\FileRepository.cs:line 46
   at Lingua.Tests.FileRepositoryTests.FileRepository_Should_CreateResourceFile() in c:\dev\Lingua\Lingua.Tests\FileRepositoryTests.cs:line 24
</StackTrace>
        </ErrorInfo>
      </Output>
    </UnitTestResult>
    <UnitTestResult executionId="72d5cdbe-f961-49a3-8e55-c4ad2e236d1c" testId="c1b0fe5b-ec75-ad8e-c111-d93eb328aa4e" testName="SystemResourceTests_Should_WriteValueToResx" computerName="BONHAM" duration="00:00:00.0112056" startTime="2010-10-30T12:58:08.5477409-05:00" endTime="2010-10-30T12:58:08.5662963-05:00" testType="13cdc9d9-ddb5-4fa4-a97d-d965ccfc6d4b" outcome="Passed" testListId="8c84fa94-04c1-424b-9868-57a2d4851a1d" relativeResultsDirectory="72d5cdbe-f961-49a3-8e55-c4ad2e236d1c">
    </UnitTestResult>
    <UnitTestResult executionId="d7dba798-4762-40b3-822e-65556dfe0704" testId="c3da0799-2937-267f-6247-a0bd8cf3a545" testName="FileRepository_Should_NotOverwriteExistingResx" computerName="BONHAM" duration="00:00:00.0066902" startTime="2010-10-30T12:58:08.5721559-05:00" endTime="2010-10-30T12:58:08.5897347-05:00" testType="13cdc9d9-ddb5-4fa4-a97d-d965ccfc6d4b" outcome="Failed" testListId="8c84fa94-04c1-424b-9868-57a2d4851a1d" relativeResultsDirectory="d7dba798-4762-40b3-822e-65556dfe0704">
      <Output>
        <ErrorInfo>
          <Message>Test method Lingua.Tests.FileRepositoryTests.FileRepository_Should_NotOverwriteExistingResx threw exception System.IO.FileNotFoundException, but exception System.IO.IOException was expected. Exception message: System.IO.FileNotFoundException: Could not find file 'c:\dev\Lingua\TestResults\Zach Bonham_BONHAM 2010-10-30 12_58_07\Out\MyView.en-US.resx'.</Message>
          <StackTrace>    at System.IO.__Error.WinIOError(Int32 errorCode, String maybeFullPath)
   at System.IO.File.SetAttributes(String path, FileAttributes fileAttributes)
   at Lingua.FileResourceRepository.MakeWritable(String filename) in c:\dev\Lingua\Lingua\FileRepository.cs:line 26
   at Lingua.FileResourceRepository.GetWritableResource(String entity, String culture) in c:\dev\Lingua\Lingua\FileRepository.cs:line 36
   at Lingua.FileResourceRepository.NewResource(String entity, String key, String data, String culture) in c:\dev\Lingua\Lingua\FileRepository.cs:line 46
   at Lingua.Tests.FileRepositoryTests.FileRepository_Should_NotOverwriteExistingResx() in c:\dev\Lingua\Lingua.Tests\FileRepositoryTests.cs:line 46
</StackTrace>
        </ErrorInfo>
      </Output>
    </UnitTestResult>
    <UnitTestResult executionId="351992c3-b7eb-4728-bef5-92cf4ed92291" testId="e65981b8-8249-7761-514e-990af5848368" testName="SystemResourceTests_Should_CreateResxFile" computerName="BONHAM" duration="00:00:00.0059013" startTime="2010-10-30T12:58:08.5936411-05:00" endTime="2010-10-30T12:58:08.6239157-05:00" testType="13cdc9d9-ddb5-4fa4-a97d-d965ccfc6d4b" outcome="Passed" testListId="8c84fa94-04c1-424b-9868-57a2d4851a1d" relativeResultsDirectory="351992c3-b7eb-4728-bef5-92cf4ed92291">
    </UnitTestResult>
  </Results>
</TestRun>