<?xml version="1.0" encoding="UTF-8"?>
<TestRun id="1237f208-426d-4f5c-a629-92d8c65c65ca" name="Zach Bonham@BONHAM 2010-10-30 13:02:13" runUser="BONHAM\Zach Bonham" xmlns="http://microsoft.com/schemas/VisualStudio/TeamTest/2010">
  <TestSettings name="Local" id="8a2b73f9-6de4-4b08-8105-5a53b4a27fc1">
    <Description>These are default test settings for a local test run.</Description>
    <Deployment enabled="false" runDeploymentRoot="Zach Bonham_BONHAM 2010-10-30 13_02_13">
      <DeploymentItem filename="c:\dev\Lingua\Lingua\bin\Debug\Lingua.dll" />
    </Deployment>
    <Execution>
      <TestTypeSpecific />
      <AgentRule name="Execution Agents">
      </AgentRule>
    </Execution>
  </TestSettings>
  <Times creation="2010-10-30T13:02:13.6374078-05:00" queuing="2010-10-30T13:02:13.7458215-05:00" start="2010-10-30T13:02:13.8747459-05:00" finish="2010-10-30T13:02:15.0223684-05:00" />
  <ResultSummary outcome="Completed">
    <Counters total="5" executed="5" passed="5" error="0" failed="0" timeout="0" aborted="0" inconclusive="0" passedButRunAborted="0" notRunnable="0" notExecuted="0" disconnected="0" warning="0" completed="0" inProgress="0" pending="0" />
  </ResultSummary>
  <TestDefinitions>
    <UnitTest name="SystemResourceTests_Should_WriteUpdateValueToResx" storage="c:\dev\lingua\lingua.tests\bin\debug\lingua.tests.dll" id="4d55d3f7-5d81-3906-b181-598d27688cce">
      <Execution id="b2860c84-2461-4890-9a1f-501094b7c3b8" />
      <TestMethod codeBase="c:/dev/Lingua/Lingua.Tests/bin/Debug/Lingua.Tests.DLL" adapterTypeName="Microsoft.VisualStudio.TestTools.TestTypes.Unit.UnitTestAdapter, Microsoft.VisualStudio.QualityTools.Tips.UnitTest.Adapter, Version=10.0.0.0, Culture=neutral, PublicKeyToken=b03f5f7f11d50a3a" className="Lingua.Tests.SystemResourceTests, Lingua.Tests, Version=1.0.0.0, Culture=neutral, PublicKeyToken=null" name="SystemResourceTests_Should_WriteUpdateValueToResx" />
    </UnitTest>
    <UnitTest name="FileRepository_Should_CreateResourceFile" storage="c:\dev\lingua\lingua.tests\bin\debug\lingua.tests.dll" id="594c105f-0b54-8eab-fea4-df341d144577">
      <Execution id="c0f79ac0-0d6e-4b58-b4c1-fff1a15de5b5" />
      <TestMethod codeBase="c:/dev/Lingua/Lingua.Tests/bin/Debug/Lingua.Tests.DLL" adapterTypeName="Microsoft.VisualStudio.TestTools.TestTypes.Unit.UnitTestAdapter, Microsoft.VisualStudio.QualityTools.Tips.UnitTest.Adapter, Version=10.0.0.0, Culture=neutral, PublicKeyToken=b03f5f7f11d50a3a" className="Lingua.Tests.FileRepositoryTests, Lingua.Tests, Version=1.0.0.0, Culture=neutral, PublicKeyToken=null" name="FileRepository_Should_CreateResourceFile" />
    </UnitTest>
    <UnitTest name="SystemResourceTests_Should_WriteValueToResx" storage="c:\dev\lingua\lingua.tests\bin\debug\lingua.tests.dll" id="c1b0fe5b-ec75-ad8e-c111-d93eb328aa4e">
      <Execution id="d9156592-76bc-4922-90db-1fc107d0da05" />
      <TestMethod codeBase="c:/dev/Lingua/Lingua.Tests/bin/Debug/Lingua.Tests.DLL" adapterTypeName="Microsoft.VisualStudio.TestTools.TestTypes.Unit.UnitTestAdapter, Microsoft.VisualStudio.QualityTools.Tips.UnitTest.Adapter, Version=10.0.0.0, Culture=neutral, PublicKeyToken=b03f5f7f11d50a3a" className="Lingua.Tests.SystemResourceTests, Lingua.Tests, Version=1.0.0.0, Culture=neutral, PublicKeyToken=null" name="SystemResourceTests_Should_WriteValueToResx" />
    </UnitTest>
    <UnitTest name="SystemResourceTests_Should_CreateResxFile" storage="c:\dev\lingua\lingua.tests\bin\debug\lingua.tests.dll" id="e65981b8-8249-7761-514e-990af5848368">
      <Execution id="7508baa5-1dfd-4353-8083-c89e234db378" />
      <TestMethod codeBase="c:/dev/Lingua/Lingua.Tests/bin/Debug/Lingua.Tests.DLL" adapterTypeName="Microsoft.VisualStudio.TestTools.TestTypes.Unit.UnitTestAdapter, Microsoft.VisualStudio.QualityTools.Tips.UnitTest.Adapter, Version=10.0.0.0, Culture=neutral, PublicKeyToken=b03f5f7f11d50a3a" className="Lingua.Tests.SystemResourceTests, Lingua.Tests, Version=1.0.0.0, Culture=neutral, PublicKeyToken=null" name="SystemResourceTests_Should_CreateResxFile" />
    </UnitTest>
    <UnitTest name="FileRepository_Should_NotOverwriteExistingResx" storage="c:\dev\lingua\lingua.tests\bin\debug\lingua.tests.dll" id="c3da0799-2937-267f-6247-a0bd8cf3a545">
      <Execution id="9a88601f-3fd4-4136-b42c-b8c66ca867f2" />
      <TestMethod codeBase="c:/dev/Lingua/Lingua.Tests/bin/Debug/Lingua.Tests.DLL" adapterTypeName="Microsoft.VisualStudio.TestTools.TestTypes.Unit.UnitTestAdapter, Microsoft.VisualStudio.QualityTools.Tips.UnitTest.Adapter, Version=10.0.0.0, Culture=neutral, PublicKeyToken=b03f5f7f11d50a3a" className="Lingua.Tests.FileRepositoryTests, Lingua.Tests, Version=1.0.0.0, Culture=neutral, PublicKeyToken=null" name="FileRepository_Should_NotOverwriteExistingResx" />
    </UnitTest>
  </TestDefinitions>
  <TestLists>
    <TestList name="Results Not in a List" id="8c84fa94-04c1-424b-9868-57a2d4851a1d" />
    <TestList name="All Loaded Results" id="19431567-8539-422a-85d7-44ee4e166bda" />
  </TestLists>
  <TestEntries>
    <TestEntry testId="4d55d3f7-5d81-3906-b181-598d27688cce" executionId="b2860c84-2461-4890-9a1f-501094b7c3b8" testListId="8c84fa94-04c1-424b-9868-57a2d4851a1d" />
    <TestEntry testId="594c105f-0b54-8eab-fea4-df341d144577" executionId="c0f79ac0-0d6e-4b58-b4c1-fff1a15de5b5" testListId="8c84fa94-04c1-424b-9868-57a2d4851a1d" />
    <TestEntry testId="c1b0fe5b-ec75-ad8e-c111-d93eb328aa4e" executionId="d9156592-76bc-4922-90db-1fc107d0da05" testListId="8c84fa94-04c1-424b-9868-57a2d4851a1d" />
    <TestEntry testId="c3da0799-2937-267f-6247-a0bd8cf3a545" executionId="9a88601f-3fd4-4136-b42c-b8c66ca867f2" testListId="8c84fa94-04c1-424b-9868-57a2d4851a1d" />
    <TestEntry testId="e65981b8-8249-7761-514e-990af5848368" executionId="7508baa5-1dfd-4353-8083-c89e234db378" testListId="8c84fa94-04c1-424b-9868-57a2d4851a1d" />
  </TestEntries>
  <Results>
    <UnitTestResult executionId="b2860c84-2461-4890-9a1f-501094b7c3b8" testId="4d55d3f7-5d81-3906-b181-598d27688cce" testName="SystemResourceTests_Should_WriteUpdateValueToResx" computerName="BONHAM" duration="00:00:00.0288813" startTime="2010-10-30T13:02:14.2068239-05:00" endTime="2010-10-30T13:02:14.6033641-05:00" testType="13cdc9d9-ddb5-4fa4-a97d-d965ccfc6d4b" outcome="Passed" testListId="8c84fa94-04c1-424b-9868-57a2d4851a1d" relativeResultsDirectory="b2860c84-2461-4890-9a1f-501094b7c3b8">
    </UnitTestResult>
    <UnitTestResult executionId="c0f79ac0-0d6e-4b58-b4c1-fff1a15de5b5" testId="594c105f-0b54-8eab-fea4-df341d144577" testName="FileRepository_Should_CreateResourceFile" computerName="BONHAM" duration="00:00:00.0079392" startTime="2010-10-30T13:02:14.6160612-05:00" endTime="2010-10-30T13:02:14.6297350-05:00" testType="13cdc9d9-ddb5-4fa4-a97d-d965ccfc6d4b" outcome="Passed" testListId="8c84fa94-04c1-424b-9868-57a2d4851a1d" relativeResultsDirectory="c0f79ac0-0d6e-4b58-b4c1-fff1a15de5b5">
    </UnitTestResult>
    <UnitTestResult executionId="d9156592-76bc-4922-90db-1fc107d0da05" testId="c1b0fe5b-ec75-ad8e-c111-d93eb328aa4e" testName="SystemResourceTests_Should_WriteValueToResx" computerName="BONHAM" duration="00:00:00.0050671" startTime="2010-10-30T13:02:14.6316884-05:00" endTime="2010-10-30T13:02:14.6502457-05:00" testType="13cdc9d9-ddb5-4fa4-a97d-d965ccfc6d4b" outcome="Passed" testListId="8c84fa94-04c1-424b-9868-57a2d4851a1d" relativeResultsDirectory="d9156592-76bc-4922-90db-1fc107d0da05">
    </UnitTestResult>
    <UnitTestResult executionId="9a88601f-3fd4-4136-b42c-b8c66ca867f2" testId="c3da0799-2937-267f-6247-a0bd8cf3a545" testName="FileRepository_Should_NotOverwriteExistingResx" computerName="BONHAM" duration="00:00:00.0035233" startTime="2010-10-30T13:02:14.6541525-05:00" endTime="2010-10-30T13:02:14.6658729-05:00" testType="13cdc9d9-ddb5-4fa4-a97d-d965ccfc6d4b" outcome="Passed" testListId="8c84fa94-04c1-424b-9868-57a2d4851a1d" relativeResultsDirectory="9a88601f-3fd4-4136-b42c-b8c66ca867f2">
    </UnitTestResult>
    <UnitTestResult executionId="7508baa5-1dfd-4353-8083-c89e234db378" testId="e65981b8-8249-7761-514e-990af5848368" testName="SystemResourceTests_Should_CreateResxFile" computerName="BONHAM" duration="00:00:00.0034191" startTime="2010-10-30T13:02:14.6678263-05:00" endTime="2010-10-30T13:02:14.6824768-05:00" testType="13cdc9d9-ddb5-4fa4-a97d-d965ccfc6d4b" outcome="Passed" testListId="8c84fa94-04c1-424b-9868-57a2d4851a1d" relativeResultsDirectory="7508baa5-1dfd-4353-8083-c89e234db378">
    </UnitTestResult>
  </Results>
</TestRun>