<?xml version="1.0" encoding="UTF-8"?>
<TestRun id="a9851c69-2c79-4db6-affd-fa334c07dfbc" name="Zach Bonham@BONHAM 2010-10-30 09:22:34" runUser="BONHAM\Zach Bonham" xmlns="http://microsoft.com/schemas/VisualStudio/TeamTest/2010">
  <TestSettings name="Local" id="8a2b73f9-6de4-4b08-8105-5a53b4a27fc1">
    <Description>These are default test settings for a local test run.</Description>
    <Deployment enabled="false" runDeploymentRoot="Zach Bonham_BONHAM 2010-10-30 09_22_34">
      <DeploymentItem filename="c:\dev\Lingua\Lingua\bin\Debug\Lingua.dll" />
    </Deployment>
    <Execution>
      <TestTypeSpecific />
      <AgentRule name="Execution Agents">
      </AgentRule>
    </Execution>
  </TestSettings>
  <Times creation="2010-10-30T09:22:34.6400803-05:00" queuing="2010-10-30T09:22:34.6703549-05:00" start="2010-10-30T09:22:34.9721243-05:00" finish="2010-10-30T09:22:36.1010739-05:00" />
  <ResultSummary outcome="Completed">
    <Counters total="4" executed="4" passed="4" error="0" failed="0" timeout="0" aborted="0" inconclusive="0" passedButRunAborted="0" notRunnable="0" notExecuted="0" disconnected="0" warning="0" completed="0" inProgress="0" pending="0" />
  </ResultSummary>
  <TestDefinitions>
    <UnitTest name="FileRepository_Should_CreateResourceFile" storage="c:\dev\lingua\lingua.tests\bin\debug\lingua.tests.dll" id="594c105f-0b54-8eab-fea4-df341d144577">
      <Execution id="43a8e3b4-8201-4185-9308-484e74ac261a" />
      <TestMethod codeBase="c:/dev/Lingua/Lingua.Tests/bin/Debug/Lingua.Tests.DLL" adapterTypeName="Microsoft.VisualStudio.TestTools.TestTypes.Unit.UnitTestAdapter, Microsoft.VisualStudio.QualityTools.Tips.UnitTest.Adapter, Version=10.0.0.0, Culture=neutral, PublicKeyToken=b03f5f7f11d50a3a" className="Lingua.Tests.FileRepositoryTests, Lingua.Tests, Version=1.0.0.0, Culture=neutral, PublicKeyToken=null" name="FileRepository_Should_CreateResourceFile" />
    </UnitTest>
    <UnitTest name="Should_WriteValueToResx" storage="c:\dev\lingua\lingua.tests\bin\debug\lingua.tests.dll" id="d7bd4fe0-5648-df1f-373e-dc841f7c4af8">
      <Execution id="ff694137-9495-41ee-a6ad-80a3c46174e5" />
      <TestMethod codeBase="c:/dev/Lingua/Lingua.Tests/bin/Debug/Lingua.Tests.DLL" adapterTypeName="Microsoft.VisualStudio.TestTools.TestTypes.Unit.UnitTestAdapter, Microsoft.VisualStudio.QualityTools.Tips.UnitTest.Adapter, Version=10.0.0.0, Culture=neutral, PublicKeyToken=b03f5f7f11d50a3a" className="Lingua.Tests.LinguaTests, Lingua.Tests, Version=1.0.0.0, Culture=neutral, PublicKeyToken=null" name="Should_WriteValueToResx" />
    </UnitTest>
    <UnitTest name="Should_WriteUpdateValueToResx" storage="c:\dev\lingua\lingua.tests\bin\debug\lingua.tests.dll" id="e2a9c220-0da1-e08a-a96f-3ac3c859fca0">
      <Execution id="565a7861-8b5f-4678-bd81-5613873a506d" />
      <TestMethod codeBase="c:/dev/Lingua/Lingua.Tests/bin/Debug/Lingua.Tests.DLL" adapterTypeName="Microsoft.VisualStudio.TestTools.TestTypes.Unit.UnitTestAdapter, Microsoft.VisualStudio.QualityTools.Tips.UnitTest.Adapter, Version=10.0.0.0, Culture=neutral, PublicKeyToken=b03f5f7f11d50a3a" className="Lingua.Tests.LinguaTests, Lingua.Tests, Version=1.0.0.0, Culture=neutral, PublicKeyToken=null" name="Should_WriteUpdateValueToResx" />
    </UnitTest>
    <UnitTest name="Should_CreateResxFile" storage="c:\dev\lingua\lingua.tests\bin\debug\lingua.tests.dll" id="fe1f06f9-29c8-acaf-4eff-c94e0dccb888">
      <Execution id="2a946f70-b5fd-4111-ba6f-f9b28f3aa3c3" />
      <TestMethod codeBase="c:/dev/Lingua/Lingua.Tests/bin/Debug/Lingua.Tests.DLL" adapterTypeName="Microsoft.VisualStudio.TestTools.TestTypes.Unit.UnitTestAdapter, Microsoft.VisualStudio.QualityTools.Tips.UnitTest.Adapter, Version=10.0.0.0, Culture=neutral, PublicKeyToken=b03f5f7f11d50a3a" className="Lingua.Tests.LinguaTests, Lingua.Tests, Version=1.0.0.0, Culture=neutral, PublicKeyToken=null" name="Should_CreateResxFile" />
    </UnitTest>
  </TestDefinitions>
  <TestLists>
    <TestList name="Results Not in a List" id="8c84fa94-04c1-424b-9868-57a2d4851a1d" />
    <TestList name="All Loaded Results" id="19431567-8539-422a-85d7-44ee4e166bda" />
  </TestLists>
  <TestEntries>
    <TestEntry testId="594c105f-0b54-8eab-fea4-df341d144577" executionId="43a8e3b4-8201-4185-9308-484e74ac261a" testListId="8c84fa94-04c1-424b-9868-57a2d4851a1d" />
    <TestEntry testId="d7bd4fe0-5648-df1f-373e-dc841f7c4af8" executionId="ff694137-9495-41ee-a6ad-80a3c46174e5" testListId="8c84fa94-04c1-424b-9868-57a2d4851a1d" />
    <TestEntry testId="e2a9c220-0da1-e08a-a96f-3ac3c859fca0" executionId="565a7861-8b5f-4678-bd81-5613873a506d" testListId="8c84fa94-04c1-424b-9868-57a2d4851a1d" />
    <TestEntry testId="fe1f06f9-29c8-acaf-4eff-c94e0dccb888" executionId="2a946f70-b5fd-4111-ba6f-f9b28f3aa3c3" testListId="8c84fa94-04c1-424b-9868-57a2d4851a1d" />
  </TestEntries>
  <Results>
    <UnitTestResult executionId="43a8e3b4-8201-4185-9308-484e74ac261a" testId="594c105f-0b54-8eab-fea4-df341d144577" testName="FileRepository_Should_CreateResourceFile" computerName="BONHAM" duration="00:00:00.0238619" startTime="2010-10-30T09:22:35.2934257-05:00" endTime="2010-10-30T09:22:35.6274229-05:00" testType="13cdc9d9-ddb5-4fa4-a97d-d965ccfc6d4b" outcome="Passed" testListId="8c84fa94-04c1-424b-9868-57a2d4851a1d" relativeResultsDirectory="43a8e3b4-8201-4185-9308-484e74ac261a">
    </UnitTestResult>
    <UnitTestResult executionId="ff694137-9495-41ee-a6ad-80a3c46174e5" testId="d7bd4fe0-5648-df1f-373e-dc841f7c4af8" testName="Should_WriteValueToResx" computerName="BONHAM" duration="00:00:00.0102987" startTime="2010-10-30T09:22:35.6342591-05:00" endTime="2010-10-30T09:22:35.6518379-05:00" testType="13cdc9d9-ddb5-4fa4-a97d-d965ccfc6d4b" outcome="Passed" testListId="8c84fa94-04c1-424b-9868-57a2d4851a1d" relativeResultsDirectory="ff694137-9495-41ee-a6ad-80a3c46174e5">
    </UnitTestResult>
    <UnitTestResult executionId="565a7861-8b5f-4678-bd81-5613873a506d" testId="e2a9c220-0da1-e08a-a96f-3ac3c859fca0" testName="Should_WriteUpdateValueToResx" computerName="BONHAM" duration="00:00:00.0147035" startTime="2010-10-30T09:22:35.6723465-05:00" endTime="2010-10-30T09:22:35.6987147-05:00" testType="13cdc9d9-ddb5-4fa4-a97d-d965ccfc6d4b" outcome="Passed" testListId="8c84fa94-04c1-424b-9868-57a2d4851a1d" relativeResultsDirectory="565a7861-8b5f-4678-bd81-5613873a506d">
    </UnitTestResult>
    <UnitTestResult executionId="2a946f70-b5fd-4111-ba6f-f9b28f3aa3c3" testId="fe1f06f9-29c8-acaf-4eff-c94e0dccb888" testName="Should_CreateResxFile" computerName="BONHAM" duration="00:00:00.0095883" startTime="2010-10-30T09:22:35.7104339-05:00" endTime="2010-10-30T09:22:35.7328957-05:00" testType="13cdc9d9-ddb5-4fa4-a97d-d965ccfc6d4b" outcome="Passed" testListId="8c84fa94-04c1-424b-9868-57a2d4851a1d" relativeResultsDirectory="2a946f70-b5fd-4111-ba6f-f9b28f3aa3c3">
    </UnitTestResult>
  </Results>
</TestRun>