<?xml version="1.0" encoding="UTF-8"?>
<TestRun id="9b18d222-7d4b-40b7-a051-46645b0003d6" name="Zach Bonham@BONHAM 2010-10-30 12:58:11" runUser="BONHAM\Zach Bonham" xmlns="http://microsoft.com/schemas/VisualStudio/TeamTest/2010">
  <TestSettings name="Local" id="8a2b73f9-6de4-4b08-8105-5a53b4a27fc1">
    <Description>These are default test settings for a local test run.</Description>
    <Deployment enabled="false" runDeploymentRoot="Zach Bonham_BONHAM 2010-10-30 12_58_11">
      <DeploymentItem filename="c:\dev\Lingua\Lingua\bin\Debug\Lingua.dll" />
    </Deployment>
    <Execution>
      <TestTypeSpecific />
      <AgentRule name="Execution Agents">
      </AgentRule>
    </Execution>
  </TestSettings>
  <Times creation="2010-10-30T12:58:11.8486489-05:00" queuing="2010-10-30T12:58:11.9941623-05:00" start="2010-10-30T12:58:12.0517817-05:00" finish="2010-10-30T12:58:13.4112089-05:00" />
  <ResultSummary outcome="Failed">
    <Counters total="5" executed="5" passed="3" error="0" failed="2" timeout="0" aborted="0" inconclusive="0" passedButRunAborted="0" notRunnable="0" notExecuted="0" disconnected="0" warning="0" completed="0" inProgress="0" pending="0" />
  </ResultSummary>
  <TestDefinitions>
    <UnitTest name="SystemResourceTests_Should_WriteUpdateValueToResx" storage="c:\dev\lingua\lingua.tests\bin\debug\lingua.tests.dll" id="4d55d3f7-5d81-3906-b181-598d27688cce">
      <Execution id="3bf17563-03fa-4100-ac05-873eb54cbc01" />
      <TestMethod codeBase="c:/dev/Lingua/Lingua.Tests/bin/Debug/Lingua.Tests.DLL" adapterTypeName="Microsoft.VisualStudio.TestTools.TestTypes.Unit.UnitTestAdapter, Microsoft.VisualStudio.QualityTools.Tips.UnitTest.Adapter, Version=10.0.0.0, Culture=neutral, PublicKeyToken=b03f5f7f11d50a3a" className="Lingua.Tests.SystemResourceTests, Lingua.Tests, Version=1.0.0.0, Culture=neutral, PublicKeyToken=null" name="SystemResourceTests_Should_WriteUpdateValueToResx" />
    </UnitTest>
    <UnitTest name="FileRepository_Should_CreateResourceFile" storage="c:\dev\lingua\lingua.tests\bin\debug\lingua.tests.dll" id="594c105f-0b54-8eab-fea4-df341d144577">
      <Execution id="7241f845-28b8-4e84-bf62-2fcc6f1ed533" />
      <TestMethod codeBase="c:/dev/Lingua/Lingua.Tests/bin/Debug/Lingua.Tests.DLL" adapterTypeName="Microsoft.VisualStudio.TestTools.TestTypes.Unit.UnitTestAdapter, Microsoft.VisualStudio.QualityTools.Tips.UnitTest.Adapter, Version=10.0.0.0, Culture=neutral, PublicKeyToken=b03f5f7f11d50a3a" className="Lingua.Tests.FileRepositoryTests, Lingua.Tests, Version=1.0.0.0, Culture=neutral, PublicKeyToken=null" name="FileRepository_Should_CreateResourceFile" />
    </UnitTest>
    <UnitTest name="SystemResourceTests_Should_WriteValueToResx" storage="c:\dev\lingua\lingua.tests\bin\debug\lingua.tests.dll" id="c1b0fe5b-ec75-ad8e-c111-d93eb328aa4e">
      <Execution id="ccd3b470-05f1-4526-95a1-d6130d203445" />
      <TestMethod codeBase="c:/dev/Lingua/Lingua.Tests/bin/Debug/Lingua.Tests.DLL" adapterTypeName="Microsoft.VisualStudio.TestTools.TestTypes.Unit.UnitTestAdapter, Microsoft.VisualStudio.QualityTools.Tips.UnitTest.Adapter, Version=10.0.0.0, Culture=neutral, PublicKeyToken=b03f5f7f11d50a3a" className="Lingua.Tests.SystemResourceTests, Lingua.Tests, Version=1.0.0.0, Culture=neutral, PublicKeyToken=null" name="SystemResourceTests_Should_WriteValueToResx" />
    </UnitTest>
    <UnitTest name="SystemResourceTests_Should_CreateResxFile" storage="c:\dev\lingua\lingua.tests\bin\debug\lingua.tests.dll" id="e65981b8-8249-7761-514e-990af5848368">
      <Execution id="5ef704e3-d92b-4c81-b930-d6f484f7905d" />
      <TestMethod codeBase="c:/dev/Lingua/Lingua.Tests/bin/Debug/Lingua.Tests.DLL" adapterTypeName="Microsoft.VisualStudio.TestTools.TestTypes.Unit.UnitTestAdapter, Microsoft.VisualStudio.QualityTools.Tips.UnitTest.Adapter, Version=10.0.0.0, Culture=neutral, PublicKeyToken=b03f5f7f11d50a3a" className="Lingua.Tests.SystemResourceTests, Lingua.Tests, Version=1.0.0.0, Culture=neutral, PublicKeyToken=null" name="SystemResourceTests_Should_CreateResxFile" />
    </UnitTest>
    <UnitTest name="FileRepository_Should_NotOverwriteExistingResx" storage="c:\dev\lingua\lingua.tests\bin\debug\lingua.tests.dll" id="c3da0799-2937-267f-6247-a0bd8cf3a545">
      <Execution id="41654172-b6ca-4d28-9a45-62df8dac5d5b" />
      <TestMethod codeBase="c:/dev/Lingua/Lingua.Tests/bin/Debug/Lingua.Tests.DLL" adapterTypeName="Microsoft.VisualStudio.TestTools.TestTypes.Unit.UnitTestAdapter, Microsoft.VisualStudio.QualityTools.Tips.UnitTest.Adapter, Version=10.0.0.0, Culture=neutral, PublicKeyToken=b03f5f7f11d50a3a" className="Lingua.Tests.FileRepositoryTests, Lingua.Tests, Version=1.0.0.0, Culture=neutral, PublicKeyToken=null" name="FileRepository_Should_NotOverwriteExistingResx" />
    </UnitTest>
  </TestDefinitions>
  <TestLists>
    <TestList name="Results Not in a List" id="8c84fa94-04c1-424b-9868-57a2d4851a1d" />
    <TestList name="All Loaded Results" id="19431567-8539-422a-85d7-44ee4e166bda" />
  </TestLists>
  <TestEntries>
    <TestEntry testId="4d55d3f7-5d81-3906-b181-598d27688cce" executionId="3bf17563-03fa-4100-ac05-873eb54cbc01" testListId="8c84fa94-04c1-424b-9868-57a2d4851a1d" />
    <TestEntry testId="594c105f-0b54-8eab-fea4-df341d144577" executionId="7241f845-28b8-4e84-bf62-2fcc6f1ed533" testListId="8c84fa94-04c1-424b-9868-57a2d4851a1d" />
    <TestEntry testId="c1b0fe5b-ec75-ad8e-c111-d93eb328aa4e" executionId="ccd3b470-05f1-4526-95a1-d6130d203445" testListId="8c84fa94-04c1-424b-9868-57a2d4851a1d" />
    <TestEntry testId="c3da0799-2937-267f-6247-a0bd8cf3a545" executionId="41654172-b6ca-4d28-9a45-62df8dac5d5b" testListId="8c84fa94-04c1-424b-9868-57a2d4851a1d" />
    <TestEntry testId="e65981b8-8249-7761-514e-990af5848368" executionId="5ef704e3-d92b-4c81-b930-d6f484f7905d" testListId="8c84fa94-04c1-424b-9868-57a2d4851a1d" />
  </TestEntries>
  <Results>
    <UnitTestResult executionId="3bf17563-03fa-4100-ac05-873eb54cbc01" testId="4d55d3f7-5d81-3906-b181-598d27688cce" testName="SystemResourceTests_Should_WriteUpdateValueToResx" computerName="BONHAM" duration="00:00:00.0323434" startTime="2010-10-30T12:58:12.4101939-05:00" endTime="2010-10-30T12:58:13.1406907-05:00" testType="13cdc9d9-ddb5-4fa4-a97d-d965ccfc6d4b" outcome="Passed" testListId="8c84fa94-04c1-424b-9868-57a2d4851a1d" relativeResultsDirectory="3bf17563-03fa-4100-ac05-873eb54cbc01">
    </UnitTestResult>
    <UnitTestResult executionId="7241f845-28b8-4e84-bf62-2fcc6f1ed533" testId="594c105f-0b54-8eab-fea4-df341d144577" testName="FileRepository_Should_CreateResourceFile" computerName="BONHAM" duration="00:00:00.0298931" startTime="2010-10-30T12:58:13.1485035-05:00" endTime="2010-10-30T12:58:13.1826845-05:00" testType="13cdc9d9-ddb5-4fa4-a97d-d965ccfc6d4b" outcome="Failed" testListId="8c84fa94-04c1-424b-9868-57a2d4851a1d" relativeResultsDirectory="7241f845-28b8-4e84-bf62-2fcc6f1ed533">
      <Output>
        <ErrorInfo>
          <Message>Test method Lingua.Tests.FileRepositoryTests.FileRepository_Should_CreateResourceFile threw exception: 
System.IO.FileNotFoundException: Could not find file 'c:\dev\Lingua\TestResults\Zach Bonham_BONHAM 2010-10-30 12_58_11\Out\MyView.en-US.resx'.</Message>
          <StackTrace>    at System.IO.__Error.WinIOError(Int32 errorCode, String maybeFullPath)
   at System.IO.File.SetAttributes(String path, FileAttributes fileAttributes)
   at Lingua.FileResourceRepository.MakeWritable(String filename) in c:\dev\Lingua\Lingua\FileRepository.cs:line 26
   at Lingua.FileResourceRepository.GetWritableResource(String entity, String culture) in c:\dev\Lingua\Lingua\FileRepository.cs:line 36
   at Lingua.FileResourceRepository.NewResource(String entity, String key, String data, String culture) in c:\dev\Lingua\Lingua\FileRepository.cs:line 46
   at Lingua.Tests.FileRepositoryTests.FileRepository_Should_CreateResourceFile() in c:\dev\Lingua\Lingua.Tests\FileRepositoryTests.cs:line 24
</StackTrace>
        </ErrorInfo>
      </Output>
    </UnitTestResult>
    <UnitTestResult executionId="ccd3b470-05f1-4526-95a1-d6130d203445" testId="c1b0fe5b-ec75-ad8e-c111-d93eb328aa4e" testName="SystemResourceTests_Should_WriteValueToResx" computerName="BONHAM" duration="00:00:00.0106630" startTime="2010-10-30T12:58:13.1856143-05:00" endTime="2010-10-30T12:58:13.2227251-05:00" testType="13cdc9d9-ddb5-4fa4-a97d-d965ccfc6d4b" outcome="Passed" testListId="8c84fa94-04c1-424b-9868-57a2d4851a1d" relativeResultsDirectory="ccd3b470-05f1-4526-95a1-d6130d203445">
    </UnitTestResult>
    <UnitTestResult executionId="41654172-b6ca-4d28-9a45-62df8dac5d5b" testId="c3da0799-2937-267f-6247-a0bd8cf3a545" testName="FileRepository_Should_NotOverwriteExistingResx" computerName="BONHAM" duration="00:00:00.0050841" startTime="2010-10-30T12:58:13.2305379-05:00" endTime="2010-10-30T12:58:13.2412805-05:00" testType="13cdc9d9-ddb5-4fa4-a97d-d965ccfc6d4b" outcome="Failed" testListId="8c84fa94-04c1-424b-9868-57a2d4851a1d" relativeResultsDirectory="41654172-b6ca-4d28-9a45-62df8dac5d5b">
      <Output>
        <ErrorInfo>
          <Message>Test method Lingua.Tests.FileRepositoryTests.FileRepository_Should_NotOverwriteExistingResx threw exception System.IO.FileNotFoundException, but exception System.IO.IOException was expected. Exception message: System.IO.FileNotFoundException: Could not find file 'c:\dev\Lingua\TestResults\Zach Bonham_BONHAM 2010-10-30 12_58_11\Out\MyView.en-US.resx'.</Message>
          <StackTrace>    at System.IO.__Error.WinIOError(Int32 errorCode, String maybeFullPath)
   at System.IO.File.SetAttributes(String path, FileAttributes fileAttributes)
   at Lingua.FileResourceRepository.MakeWritable(String filename) in c:\dev\Lingua\Lingua\FileRepository.cs:line 26
   at Lingua.FileResourceRepository.GetWritableResource(String entity, String culture) in c:\dev\Lingua\Lingua\FileRepository.cs:line 36
   at Lingua.FileResourceRepository.NewResource(String entity, String key, String data, String culture) in c:\dev\Lingua\Lingua\FileRepository.cs:line 46
   at Lingua.Tests.FileRepositoryTests.FileRepository_Should_NotOverwriteExistingResx() in c:\dev\Lingua\Lingua.Tests\FileRepositoryTests.cs:line 46
</StackTrace>
        </ErrorInfo>
      </Output>
    </UnitTestResult>
    <UnitTestResult executionId="5ef704e3-d92b-4c81-b930-d6f484f7905d" testId="e65981b8-8249-7761-514e-990af5848368" testName="SystemResourceTests_Should_CreateResxFile" computerName="BONHAM" duration="00:00:00.0110209" startTime="2010-10-30T12:58:13.2529997-05:00" endTime="2010-10-30T12:58:13.2696019-05:00" testType="13cdc9d9-ddb5-4fa4-a97d-d965ccfc6d4b" outcome="Passed" testListId="8c84fa94-04c1-424b-9868-57a2d4851a1d" relativeResultsDirectory="5ef704e3-d92b-4c81-b930-d6f484f7905d">
    </UnitTestResult>
  </Results>
</TestRun>