<?xml version="1.0" encoding="UTF-8"?>
<TestRun id="0a0b5180-f6e5-42c3-a491-d98b23a8e254" name="Zach Bonham@BONHAM 2010-10-30 08:42:00" runUser="BONHAM\Zach Bonham" xmlns="http://microsoft.com/schemas/VisualStudio/TeamTest/2010">
  <TestSettings name="Local" id="8a2b73f9-6de4-4b08-8105-5a53b4a27fc1">
    <Description>These are default test settings for a local test run.</Description>
    <Deployment enabled="false" runDeploymentRoot="Zach Bonham_BONHAM 2010-10-30 08_42_00" />
    <Execution>
      <TestTypeSpecific />
      <AgentRule name="Execution Agents">
      </AgentRule>
    </Execution>
  </TestSettings>
  <Times creation="2010-10-30T08:42:00.2848534-05:00" queuing="2010-10-30T08:42:00.3024322-05:00" start="2010-10-30T08:42:00.5163076-05:00" finish="2010-10-30T08:42:01.2585236-05:00" />
  <ResultSummary outcome="Completed">
    <Counters total="2" executed="2" passed="2" error="0" failed="0" timeout="0" aborted="0" inconclusive="0" passedButRunAborted="0" notRunnable="0" notExecuted="0" disconnected="0" warning="0" completed="0" inProgress="0" pending="0" />
  </ResultSummary>
  <TestDefinitions>
    <UnitTest name="Should_CreateResxFile" storage="c:\dev\lingua\lingua.tests\bin\debug\lingua.tests.dll" id="fe1f06f9-29c8-acaf-4eff-c94e0dccb888">
      <Execution id="e02a159d-c129-47c9-824d-58d95d158017" />
      <TestMethod codeBase="c:/dev/Lingua/Lingua.Tests/bin/Debug/Lingua.Tests.DLL" adapterTypeName="Microsoft.VisualStudio.TestTools.TestTypes.Unit.UnitTestAdapter, Microsoft.VisualStudio.QualityTools.Tips.UnitTest.Adapter, Version=10.0.0.0, Culture=neutral, PublicKeyToken=b03f5f7f11d50a3a" className="Lingua.Tests.LinguaTests, Lingua.Tests, Version=1.0.0.0, Culture=neutral, PublicKeyToken=null" name="Should_CreateResxFile" />
    </UnitTest>
    <UnitTest name="Should_WriteValueToResx" storage="c:\dev\lingua\lingua.tests\bin\debug\lingua.tests.dll" id="d7bd4fe0-5648-df1f-373e-dc841f7c4af8">
      <Execution id="5dcab31a-6bea-48bb-aec0-4ed03a28531e" />
      <TestMethod codeBase="c:/dev/Lingua/Lingua.Tests/bin/Debug/Lingua.Tests.DLL" adapterTypeName="Microsoft.VisualStudio.TestTools.TestTypes.Unit.UnitTestAdapter, Microsoft.VisualStudio.QualityTools.Tips.UnitTest.Adapter, Version=10.0.0.0, Culture=neutral, PublicKeyToken=b03f5f7f11d50a3a" className="Lingua.Tests.LinguaTests, Lingua.Tests, Version=1.0.0.0, Culture=neutral, PublicKeyToken=null" name="Should_WriteValueToResx" />
    </UnitTest>
  </TestDefinitions>
  <TestLists>
    <TestList name="Results Not in a List" id="8c84fa94-04c1-424b-9868-57a2d4851a1d" />
    <TestList name="All Loaded Results" id="19431567-8539-422a-85d7-44ee4e166bda" />
  </TestLists>
  <TestEntries>
    <TestEntry testId="d7bd4fe0-5648-df1f-373e-dc841f7c4af8" executionId="5dcab31a-6bea-48bb-aec0-4ed03a28531e" testListId="8c84fa94-04c1-424b-9868-57a2d4851a1d" />
    <TestEntry testId="fe1f06f9-29c8-acaf-4eff-c94e0dccb888" executionId="e02a159d-c129-47c9-824d-58d95d158017" testListId="8c84fa94-04c1-424b-9868-57a2d4851a1d" />
  </TestEntries>
  <Results>
    <UnitTestResult executionId="5dcab31a-6bea-48bb-aec0-4ed03a28531e" testId="d7bd4fe0-5648-df1f-373e-dc841f7c4af8" testName="Should_WriteValueToResx" computerName="BONHAM" duration="00:00:00.0289785" startTime="2010-10-30T08:42:00.7438554-05:00" endTime="2010-10-30T08:42:01.0876186-05:00" testType="13cdc9d9-ddb5-4fa4-a97d-d965ccfc6d4b" outcome="Passed" testListId="8c84fa94-04c1-424b-9868-57a2d4851a1d" relativeResultsDirectory="5dcab31a-6bea-48bb-aec0-4ed03a28531e">
    </UnitTestResult>
    <UnitTestResult executionId="e02a159d-c129-47c9-824d-58d95d158017" testId="fe1f06f9-29c8-acaf-4eff-c94e0dccb888" testName="Should_CreateResxFile" computerName="BONHAM" duration="00:00:00.0081535" startTime="2010-10-30T08:42:01.0954314-05:00" endTime="2010-10-30T08:42:01.1169166-05:00" testType="13cdc9d9-ddb5-4fa4-a97d-d965ccfc6d4b" outcome="Passed" testListId="8c84fa94-04c1-424b-9868-57a2d4851a1d" relativeResultsDirectory="e02a159d-c129-47c9-824d-58d95d158017">
    </UnitTestResult>
  </Results>
</TestRun>