<?xml version="1.0" encoding="UTF-8"?>
<TestRun id="e0c515e9-0500-42ff-b90d-35761ca7ebdf" name="Zach Bonham@BONHAM 2010-10-30 08:40:25" runUser="BONHAM\Zach Bonham" xmlns="http://microsoft.com/schemas/VisualStudio/TeamTest/2010">
  <TestSettings name="Local" id="8a2b73f9-6de4-4b08-8105-5a53b4a27fc1">
    <Description>These are default test settings for a local test run.</Description>
    <Deployment enabled="false" runDeploymentRoot="Zach Bonham_BONHAM 2010-10-30 08_40_25" />
    <Execution>
      <TestTypeSpecific />
      <AgentRule name="Execution Agents">
      </AgentRule>
    </Execution>
  </TestSettings>
  <Times creation="2010-10-30T08:40:25.2274924-05:00" queuing="2010-10-30T08:40:25.6796582-05:00" start="2010-10-30T08:40:25.9443168-05:00" finish="2010-10-30T08:40:26.6474688-05:00" />
  <ResultSummary outcome="Completed">
    <Counters total="1" executed="1" passed="1" error="0" failed="0" timeout="0" aborted="0" inconclusive="0" passedButRunAborted="0" notRunnable="0" notExecuted="0" disconnected="0" warning="0" completed="0" inProgress="0" pending="0" />
  </ResultSummary>
  <TestDefinitions>
    <UnitTest name="Should_WriteValueToResx" storage="c:\dev\lingua\lingua.tests\bin\debug\lingua.tests.dll" id="d7bd4fe0-5648-df1f-373e-dc841f7c4af8">
      <Execution id="c6e06ef8-925f-41e6-b565-e549fda1b8f0" />
      <TestMethod codeBase="c:/dev/Lingua/Lingua.Tests/bin/Debug/Lingua.Tests.DLL" adapterTypeName="Microsoft.VisualStudio.TestTools.TestTypes.Unit.UnitTestAdapter, Microsoft.VisualStudio.QualityTools.Tips.UnitTest.Adapter, Version=10.0.0.0, Culture=neutral, PublicKeyToken=b03f5f7f11d50a3a" className="Lingua.Tests.LinguaTests, Lingua.Tests, Version=1.0.0.0, Culture=neutral, PublicKeyToken=null" name="Should_WriteValueToResx" />
    </UnitTest>
  </TestDefinitions>
  <TestLists>
    <TestList name="Results Not in a List" id="8c84fa94-04c1-424b-9868-57a2d4851a1d" />
    <TestList name="All Loaded Results" id="19431567-8539-422a-85d7-44ee4e166bda" />
  </TestLists>
  <TestEntries>
    <TestEntry testId="d7bd4fe0-5648-df1f-373e-dc841f7c4af8" executionId="c6e06ef8-925f-41e6-b565-e549fda1b8f0" testListId="8c84fa94-04c1-424b-9868-57a2d4851a1d" />
  </TestEntries>
  <Results>
    <UnitTestResult executionId="c6e06ef8-925f-41e6-b565-e549fda1b8f0" testId="d7bd4fe0-5648-df1f-373e-dc841f7c4af8" testName="Should_WriteValueToResx" computerName="BONHAM" duration="00:00:00.0197715" startTime="2010-10-30T08:40:26.1474496-05:00" endTime="2010-10-30T08:40:26.5029320-05:00" testType="13cdc9d9-ddb5-4fa4-a97d-d965ccfc6d4b" outcome="Passed" testListId="8c84fa94-04c1-424b-9868-57a2d4851a1d" relativeResultsDirectory="c6e06ef8-925f-41e6-b565-e549fda1b8f0">
    </UnitTestResult>
  </Results>
</TestRun>